#
# A fatal error has been detected by the Java Runtime Environment:
#
#  SIGSEGV (0xb) at pc=0x00000001082362b0, pid=76288, tid=18691
#
# JRE version: Java(TM) SE Runtime Environment (8.0_25-b17) (build 1.8.0_25-b17)
# Java VM: Java HotSpot(TM) 64-Bit Server VM (25.25-b02 mixed mode bsd-amd64 compressed oops)
# Problematic frame:
# V  [libjvm.dylib+0x4232b0]
#
# Failed to write core dump. Core dumps have been disabled. To enable core dumping, try "ulimit -c unlimited" before starting Java again
#
# If you would like to submit a bug report, please visit:
#   http://bugreport.sun.com/bugreport/crash.jsp
#

---------------  T H R E A D  ---------------

Current thread (0x00007f919a009800):  JavaThread "JDWP Transport Listener: dt_socket" daemon [_thread_in_vm, id=18691, stack(0x00000001263fa000,0x00000001264fa000)]

siginfo: si_signo: 11 (SIGSEGV), si_code: 1 (SEGV_MAPERR), si_addr: 0x0000000000005e03

Registers:
RAX=0x0000000000000001, RBX=0x00000001264f9a8b, RCX=0x00000001085e9c80, RDX=0x00000001264f9a8b
RSP=0x00000001264f99d0, RBP=0x00000001264f99e0, RSI=0x00007f919a009800, RDI=0x0000000000005e03
R8 =0x0000000000000000, R9 =0x00007f9199d00000, R10=0x0000000000000010, R11=0x00007f9199d00000
R12=0x00007f919a009800, R13=0x0000000000005e03, R14=0x0000000000005e03, R15=0x00007f9199f00140
RIP=0x00000001082362b0, EFLAGS=0x0000000000010206, ERR=0x0000000000000004
  TRAPNO=0x000000000000000e

Top of Stack: (sp=0x00000001264f99d0)
0x00000001264f99d0:   00000001264f9a8b 00000001264f9a8b
0x00000001264f99e0:   00000001264f9a40 000000010814826e
0x00000001264f99f0:   00007f919a009800 0000000000000000
0x00000001264f9a00:   0000000000000000 0000000000000000
0x00000001264f9a10:   00007f919a009800 00007f919a009800
0x00000001264f9a20:   00000001264f9a8b 00000001264f9a90
0x00000001264f9a30:   0000000000005e03 0000000000000004
0x00000001264f9a40:   00000001264f9a60 0000000108e947dc
0x00000001264f9a50:   0000000000000001 00000001264f9b08
0x00000001264f9a60:   00000001264f9ad0 0000000108e79263
0x00000001264f9a70:   00000001264f9aa0 00007f9199d441a0
0x00000001264f9a80:   0000000500000032 00000009004f9b08
0x00000001264f9a90:   0000000000000000 0000000000000000
0x00000001264f9aa0:   0000000000000000 00000001264f9c90
0x00000001264f9ab0:   0000000108e9beca 00007f919c20b970
0x00000001264f9ac0:   00000001264f9b08 0000000108ea7588
0x00000001264f9ad0:   00000001264f9ae0 0000000108e7935c
0x00000001264f9ae0:   00000001264f9d00 0000000108e828f6
0x00000001264f9af0:   0000254f00000013 00000000000f0200
0x00000001264f9b00:   00007f919c243960 00000001264f9c1e
0x00000001264f9b10:   00007f9100000066 00000001264f9b20
0x00000001264f9b20:   00007f91000000c6 00000001264f9b58
0x00000001264f9b30:   0000000000000000 00007f0000000000
0x00000001264f9b40:   0000254f0000000f 00007fff00006f80
0x00000001264f9b50:   00000001264f9b58 917f000005000000
0x00000001264f9b60:   06000000b05ed299 00003e74696e693c
0x00000001264f9b70:   0000005629280300 7f00000100000000
0x00000001264f9b80:   000000c05ed29991 0000006e69616d04
0x00000001264f9b90:   6176616a4c5b2816 74532f676e616c2f
0x00000001264f9ba0:   0056293b676e6972 0009000000000000
0x00000001264f9bb0:   00d05ed299917f00 4674736574210000
0x00000001264f9bc0:   74736552796c6c75 6c6c75467373654c 

Instructions: (pc=0x00000001082362b0)
0x0000000108236290:   40 48 48 85 c0 75 e0 30 c0 0f b6 c0 5d c3 31 c0
0x00000001082362a0:   5d c3 55 48 89 e5 53 48 83 ec 08 48 85 ff 74 24
0x00000001082362b0:   48 8b 1f 48 85 db 74 1c 48 83 fb 37 74 16 48 8b
0x00000001082362c0:   03 48 89 df ff 50 10 84 c0 b8 00 00 00 00 48 0f 

Register to memory mapping:

RAX=0x0000000000000001 is an unknown value
RBX=0x00000001264f9a8b is pointing into the stack for thread: 0x00007f919a009800
RCX=0x00000001085e9c80: UseMembar+0 in /Library/Java/JavaVirtualMachines/jdk1.8.0_25.jdk/Contents/Home/jre/lib/server/libjvm.dylib at 0x0000000107e13000
RDX=0x00000001264f9a8b is pointing into the stack for thread: 0x00007f919a009800
RSP=0x00000001264f99d0 is pointing into the stack for thread: 0x00007f919a009800
RBP=0x00000001264f99e0 is pointing into the stack for thread: 0x00007f919a009800
RSI=0x00007f919a009800 is a thread
RDI=0x0000000000005e03 is an unknown value
R8 =0x0000000000000000 is an unknown value
R9 =0x00007f9199d00000 is an unknown value
R10=0x0000000000000010 is an unknown value
R11=0x00007f9199d00000 is an unknown value
R12=0x00007f919a009800 is a thread
R13=0x0000000000005e03 is an unknown value
R14=0x0000000000005e03 is an unknown value
R15=0x00007f9199f00140 is an unknown value


Stack: [0x00000001263fa000,0x00000001264fa000],  sp=0x00000001264f99d0,  free space=1022k
Native frames: (J=compiled Java code, j=interpreted, Vv=VM code, C=native code)
V  [libjvm.dylib+0x4232b0]
V  [libjvm.dylib+0x33526e]
C  [libjdwp.dylib+0x207dc]  isMethodSynthetic+0x63
C  [libjdwp.dylib+0x5263]  methods1+0x10b
C  [libjdwp.dylib+0x535c]  methodsWithGeneric+0xe
C  [libjdwp.dylib+0xe8f6]  debugLoop_run+0x1ce
C  [libjdwp.dylib+0x1f716]  attachThread+0x4d
V  [libjvm.dylib+0x3762ce]
V  [libjvm.dylib+0x535ed9]
V  [libjvm.dylib+0x53761c]
V  [libjvm.dylib+0x45d87e]
C  [libsystem_pthread.dylib+0x3268]  _pthread_body+0x83
C  [libsystem_pthread.dylib+0x31e5]  _pthread_body+0x0
C  [libsystem_pthread.dylib+0x141d]  thread_start+0xd
C  0x0000000000000000


---------------  P R O C E S S  ---------------

Java Threads: ( => current thread )
  0x00007f919da84000 JavaThread "Keep-Alive-Timer" daemon [_thread_blocked, id=25095, stack(0x0000000127d82000,0x0000000127e82000)]
  0x00007f919a061000 JavaThread "GC Daemon" daemon [_thread_blocked, id=23299, stack(0x0000000127980000,0x0000000127a80000)]
  0x00007f919e011000 JavaThread "Service Thread" daemon [_thread_blocked, id=22275, stack(0x0000000126b0f000,0x0000000126c0f000)]
  0x00007f919a016000 JavaThread "C1 CompilerThread3" daemon [_thread_blocked, id=21763, stack(0x0000000126a0c000,0x0000000126b0c000)]
  0x00007f919b815000 JavaThread "C2 CompilerThread2" daemon [_thread_blocked, id=21251, stack(0x0000000126909000,0x0000000126a09000)]
  0x00007f919a015800 JavaThread "C2 CompilerThread1" daemon [_thread_blocked, id=20739, stack(0x0000000126806000,0x0000000126906000)]
  0x00007f919d012800 JavaThread "C2 CompilerThread0" daemon [_thread_blocked, id=20227, stack(0x0000000126703000,0x0000000126803000)]
  0x00007f919a80a000 JavaThread "JDWP Command Reader" daemon [_thread_in_native, id=19715, stack(0x0000000126600000,0x0000000126700000)]
  0x00007f919a801000 JavaThread "JDWP Event Helper Thread" daemon [_thread_blocked, id=19203, stack(0x00000001264fd000,0x00000001265fd000)]
=>0x00007f919a009800 JavaThread "JDWP Transport Listener: dt_socket" daemon [_thread_in_vm, id=18691, stack(0x00000001263fa000,0x00000001264fa000)]
  0x00007f919b031800 JavaThread "Signal Dispatcher" daemon [_thread_blocked, id=15627, stack(0x00000001262f0000,0x00000001263f0000)]
  0x00007f919a802000 JavaThread "Finalizer" daemon [_thread_blocked, id=13571, stack(0x00000001249a6000,0x0000000124aa6000)]
  0x00007f919b814800 JavaThread "Reference Handler" daemon [_thread_blocked, id=13059, stack(0x00000001248a3000,0x00000001249a3000)]
  0x00007f919b801000 JavaThread "main" [_thread_blocked, id=4867, stack(0x0000000108d30000,0x0000000108e30000)]

Other Threads:
  0x00007f919b80f800 VMThread [stack: 0x00000001247a0000,0x00000001248a0000] [id=12547]
  0x00007f919a804800 WatcherThread [stack: 0x0000000126c12000,0x0000000126d12000] [id=22787]

VM state:not at safepoint (normal execution)

VM Mutex/Monitor currently owned by a thread: None

Heap:
 PSYoungGen      total 76288K, used 14638K [0x000000076ab00000, 0x0000000774000000, 0x00000007c0000000)
  eden space 65536K, 10% used [0x000000076ab00000,0x000000076b19d9b0,0x000000076eb00000)
  from space 10752K, 73% used [0x000000076f580000,0x000000076fd2de60,0x0000000770000000)
  to   space 10752K, 0% used [0x000000076eb00000,0x000000076eb00000,0x000000076f580000)
 ParOldGen       total 175104K, used 3086K [0x00000006c0000000, 0x00000006cab00000, 0x000000076ab00000)
  object space 175104K, 1% used [0x00000006c0000000,0x00000006c0303aa8,0x00000006cab00000)
 Metaspace       used 16593K, capacity 16888K, committed 17152K, reserved 1064960K
  class space    used 2226K, capacity 2301K, committed 2304K, reserved 1048576K

Card table byte_map: [0x0000000118294000,0x0000000118a95000] byte_map_base: 0x0000000114c94000

Marking Bits: (ParMarkBitMap*) 0x00000001086b0390
 Begin Bits: [0x0000000119803000, 0x000000011d803000)
 End Bits:   [0x000000011d803000, 0x0000000121803000)

Polling page: 0x0000000106dfe000

CodeCache: size=245760Kb used=8142Kb max_used=8155Kb free=237617Kb
 bounds [0x0000000108ed4000, 0x00000001096d4000, 0x0000000117ed4000]
 total_blobs=2422 nmethods=2111 adapters=233
 compilation: enabled

Compilation events (10 events):
Event: 6.925 Thread 0x00007f919a016000 nmethod 2109 0x00000001096c9190 code [0x00000001096c9300, 0x00000001096c94c8]
Event: 6.925 Thread 0x00007f919a016000 2110       3       java.lang.invoke.LambdaForm$DMH/1331946439::invokeStatic_LL_L (15 bytes)
Event: 6.925 Thread 0x00007f919a016000 nmethod 2110 0x00000001096c9590 code [0x00000001096c9720, 0x00000001096c9cd8]
Event: 6.925 Thread 0x00007f919a016000 2111       3       jdk.internal.org.objectweb.asm.ClassWriter::put122 (15 bytes)
Event: 6.925 Thread 0x00007f919a016000 nmethod 2111 0x00000001096c9e10 code [0x00000001096c9fa0, 0x00000001096ca1b8]
Event: 6.925 Thread 0x00007f919a016000 2112       3       jdk.internal.org.objectweb.asm.ByteVector::<init> (13 bytes)
Event: 6.925 Thread 0x00007f919a016000 nmethod 2112 0x00000001096ca2d0 code [0x00000001096ca440, 0x00000001096ca690]
Event: 6.925 Thread 0x00007f919a016000 2113       3       jdk.internal.org.objectweb.asm.ByteVector::putByteArray (49 bytes)
Event: 6.926 Thread 0x00007f919a016000 nmethod 2113 0x00000001096ca750 code [0x00000001096ca8e0, 0x00000001096cac18]
Event: 6.931 Thread 0x00007f919b815000 nmethod 2106 0x00000001096cdfd0 code [0x00000001096ce160, 0x00000001096ce818]

GC Heap History (10 events):
Event: 2.700 GC heap before
{Heap before GC invocations=1 (full 0):
 PSYoungGen      total 76288K, used 25212K [0x000000076ab00000, 0x0000000770000000, 0x00000007c0000000)
  eden space 65536K, 38% used [0x000000076ab00000,0x000000076c39f258,0x000000076eb00000)
  from space 10752K, 0% used [0x000000076f580000,0x000000076f580000,0x0000000770000000)
  to   space 10752K, 0% used [0x000000076eb00000,0x000000076eb00000,0x000000076f580000)
 ParOldGen       total 175104K, used 0K [0x00000006c0000000, 0x00000006cab00000, 0x000000076ab00000)
  object space 175104K, 0% used [0x00000006c0000000,0x00000006c0000000,0x00000006cab00000)
 Metaspace       used 5701K, capacity 5832K, committed 6144K, reserved 1056768K
  class space    used 648K, capacity 690K, committed 768K, reserved 1048576K
Event: 2.703 GC heap after
Heap after GC invocations=1 (full 0):
 PSYoungGen      total 76288K, used 3329K [0x000000076ab00000, 0x0000000770000000, 0x00000007c0000000)
  eden space 65536K, 0% used [0x000000076ab00000,0x000000076ab00000,0x000000076eb00000)
  from space 10752K, 30% used [0x000000076eb00000,0x000000076ee40530,0x000000076f580000)
  to   space 10752K, 0% used [0x000000076f580000,0x000000076f580000,0x0000000770000000)
 ParOldGen       total 175104K, used 8K [0x00000006c0000000, 0x00000006cab00000, 0x000000076ab00000)
  object space 175104K, 0% used [0x00000006c0000000,0x00000006c0002000,0x00000006cab00000)
 Metaspace       used 5701K, capacity 5832K, committed 6144K, reserved 1056768K
  class space    used 648K, capacity 690K, committed 768K, reserved 1048576K
}
Event: 2.703 GC heap before
{Heap before GC invocations=2 (full 1):
 PSYoungGen      total 76288K, used 3329K [0x000000076ab00000, 0x0000000770000000, 0x00000007c0000000)
  eden space 65536K, 0% used [0x000000076ab00000,0x000000076ab00000,0x000000076eb00000)
  from space 10752K, 30% used [0x000000076eb00000,0x000000076ee40530,0x000000076f580000)
  to   space 10752K, 0% used [0x000000076f580000,0x000000076f580000,0x0000000770000000)
 ParOldGen       total 175104K, used 8K [0x00000006c0000000, 0x00000006cab00000, 0x000000076ab00000)
  object space 175104K, 0% used [0x00000006c0000000,0x00000006c0002000,0x00000006cab00000)
 Metaspace       used 5701K, capacity 5832K, committed 6144K, reserved 1056768K
  class space    used 648K, capacity 690K, committed 768K, reserved 1048576K
Event: 2.715 GC heap after
Heap after GC invocations=2 (full 1):
 PSYoungGen      total 76288K, used 0K [0x000000076ab00000, 0x0000000770000000, 0x00000007c0000000)
  eden space 65536K, 0% used [0x000000076ab00000,0x000000076ab00000,0x000000076eb00000)
  from space 10752K, 0% used [0x000000076eb00000,0x000000076eb00000,0x000000076f580000)
  to   space 10752K, 0% used [0x000000076f580000,0x000000076f580000,0x0000000770000000)
 ParOldGen       total 175104K, used 3062K [0x00000006c0000000, 0x00000006cab00000, 0x000000076ab00000)
  object space 175104K, 1% used [0x00000006c0000000,0x00000006c02fdaa8,0x00000006cab00000)
 Metaspace       used 5701K, capacity 5832K, committed 6144K, reserved 1056768K
  class space    used 648K, capacity 690K, committed 768K, reserved 1048576K
}
Event: 5.262 GC heap before
{Heap before GC invocations=3 (full 1):
 PSYoungGen      total 76288K, used 65536K [0x000000076ab00000, 0x0000000770000000, 0x00000007c0000000)
  eden space 65536K, 100% used [0x000000076ab00000,0x000000076eb00000,0x000000076eb00000)
  from space 10752K, 0% used [0x000000076eb00000,0x000000076eb00000,0x000000076f580000)
  to   space 10752K, 0% used [0x000000076f580000,0x000000076f580000,0x0000000770000000)
 ParOldGen       total 175104K, used 3062K [0x00000006c0000000, 0x00000006cab00000, 0x000000076ab00000)
  object space 175104K, 1% used [0x00000006c0000000,0x00000006c02fdaa8,0x00000006cab00000)
 Metaspace       used 11196K, capacity 11390K, committed 11648K, reserved 1058816K
  class space    used 1270K, capacity 1326K, committed 1408K, reserved 1048576K
Event: 5.270 GC heap after
Heap after GC invocations=3 (full 1):
 PSYoungGen      total 76288K, used 5071K [0x000000076ab00000, 0x0000000770000000, 0x00000007c0000000)
  eden space 65536K, 0% used [0x000000076ab00000,0x000000076ab00000,0x000000076eb00000)
  from space 10752K, 47% used [0x000000076f580000,0x000000076fa73c38,0x0000000770000000)
  to   space 10752K, 0% used [0x000000076eb00000,0x000000076eb00000,0x000000076f580000)
 ParOldGen       total 175104K, used 3070K [0x00000006c0000000, 0x00000006cab00000, 0x000000076ab00000)
  object space 175104K, 1% used [0x00000006c0000000,0x00000006c02ffaa8,0x00000006cab00000)
 Metaspace       used 11196K, capacity 11390K, committed 11648K, reserved 1058816K
  class space    used 1270K, capacity 1326K, committed 1408K, reserved 1048576K
}
Event: 6.162 GC heap before
{Heap before GC invocations=4 (full 1):
 PSYoungGen      total 76288K, used 70607K [0x000000076ab00000, 0x0000000770000000, 0x00000007c0000000)
  eden space 65536K, 100% used [0x000000076ab00000,0x000000076eb00000,0x000000076eb00000)
  from space 10752K, 47% used [0x000000076f580000,0x000000076fa73c38,0x0000000770000000)
  to   space 10752K, 0% used [0x000000076eb00000,0x000000076eb00000,0x000000076f580000)
 ParOldGen       total 175104K, used 3070K [0x00000006c0000000, 0x00000006cab00000, 0x000000076ab00000)
  object space 175104K, 1% used [0x00000006c0000000,0x00000006c02ffaa8,0x00000006cab00000)
 Metaspace       used 12551K, capacity 12812K, committed 12928K, reserved 1060864K
  class space    used 1580K, capacity 1621K, committed 1664K, reserved 1048576K
Event: 6.173 GC heap after
Heap after GC invocations=4 (full 1):
 PSYoungGen      total 76288K, used 7095K [0x000000076ab00000, 0x0000000770000000, 0x00000007c0000000)
  eden space 65536K, 0% used [0x000000076ab00000,0x000000076ab00000,0x000000076eb00000)
  from space 10752K, 65% used [0x000000076eb00000,0x000000076f1ede60,0x000000076f580000)
  to   space 10752K, 0% used [0x000000076f580000,0x000000076f580000,0x0000000770000000)
 ParOldGen       total 175104K, used 3078K [0x00000006c0000000, 0x00000006cab00000, 0x000000076ab00000)
  object space 175104K, 1% used [0x00000006c0000000,0x00000006c0301aa8,0x00000006cab00000)
 Metaspace       used 12551K, capacity 12812K, committed 12928K, reserved 1060864K
  class space    used 1580K, capacity 1621K, committed 1664K, reserved 1048576K
}
Event: 6.613 GC heap before
{Heap before GC invocations=5 (full 1):
 PSYoungGen      total 76288K, used 72631K [0x000000076ab00000, 0x0000000770000000, 0x00000007c0000000)
  eden space 65536K, 100% used [0x000000076ab00000,0x000000076eb00000,0x000000076eb00000)
  from space 10752K, 65% used [0x000000076eb00000,0x000000076f1ede60,0x000000076f580000)
  to   space 10752K, 0% used [0x000000076f580000,0x000000076f580000,0x0000000770000000)
 ParOldGen       total 175104K, used 3078K [0x00000006c0000000, 0x00000006cab00000, 0x000000076ab00000)
  object space 175104K, 1% used [0x00000006c0000000,0x00000006c0301aa8,0x00000006cab00000)
 Metaspace       used 13707K, capacity 13906K, committed 14080K, reserved 1060864K
  class space    used 1981K, capacity 2006K, committed 2048K, reserved 1048576K
Event: 6.623 GC heap after
Heap after GC invocations=5 (full 1):
 PSYoungGen      total 76288K, used 7863K [0x000000076ab00000, 0x0000000774000000, 0x00000007c0000000)
  eden space 65536K, 0% used [0x000000076ab00000,0x000000076ab00000,0x000000076eb00000)
  from space 10752K, 73% used [0x000000076f580000,0x000000076fd2de60,0x0000000770000000)
  to   space 10752K, 0% used [0x000000076eb00000,0x000000076eb00000,0x000000076f580000)
 ParOldGen       total 175104K, used 3086K [0x00000006c0000000, 0x00000006cab00000, 0x000000076ab00000)
  object space 175104K, 1% used [0x00000006c0000000,0x00000006c0303aa8,0x00000006cab00000)
 Metaspace       used 13707K, capacity 13906K, committed 14080K, reserved 1060864K
  class space    used 1981K, capacity 2006K, committed 2048K, reserved 1048576K
}

Deoptimization events (10 events):
Event: 5.854 Thread 0x00007f919b801000 Uncommon trap: reason=class_check action=maybe_recompile pc=0x0000000109447f98 method=com.sun.xml.bind.v2.model.nav.TypeVisitor.visit(Ljava/lang/reflect/Type;Ljava/lang/Object;)Ljava/lang/Object; @ 99
Event: 5.855 Thread 0x00007f919b801000 Uncommon trap: reason=class_check action=maybe_recompile pc=0x0000000109447f98 method=com.sun.xml.bind.v2.model.nav.TypeVisitor.visit(Ljava/lang/reflect/Type;Ljava/lang/Object;)Ljava/lang/Object; @ 99
Event: 5.865 Thread 0x00007f919b801000 Uncommon trap: reason=class_check action=maybe_recompile pc=0x0000000109447f98 method=com.sun.xml.bind.v2.model.nav.TypeVisitor.visit(Ljava/lang/reflect/Type;Ljava/lang/Object;)Ljava/lang/Object; @ 99
Event: 6.545 Thread 0x00007f919b801000 Uncommon trap: reason=unreached action=reinterpret pc=0x0000000109627850 method=java.lang.ThreadLocal$ThreadLocalMap.getEntry(Ljava/lang/ThreadLocal;)Ljava/lang/ThreadLocal$ThreadLocalMap$Entry; @ 29
Event: 6.793 Thread 0x00007f919b801000 Uncommon trap: reason=class_check action=maybe_recompile pc=0x000000010956d5d0 method=java.io.FilterInputStream.read([BII)I @ 7
Event: 6.793 Thread 0x00007f919b801000 Uncommon trap: reason=class_check action=maybe_recompile pc=0x000000010956d5d0 method=java.io.FilterInputStream.read([BII)I @ 7
Event: 6.793 Thread 0x00007f919b801000 Uncommon trap: reason=class_check action=maybe_recompile pc=0x000000010956d5d0 method=java.io.FilterInputStream.read([BII)I @ 7
Event: 6.793 Thread 0x00007f919b801000 Uncommon trap: reason=class_check action=maybe_recompile pc=0x000000010956d5d0 method=java.io.FilterInputStream.read([BII)I @ 7
Event: 6.809 Thread 0x00007f919b801000 Uncommon trap: reason=unreached action=reinterpret pc=0x00000001096272f4 method=java.lang.ThreadLocal$ThreadLocalMap.getEntry(Ljava/lang/ThreadLocal;)Ljava/lang/ThreadLocal$ThreadLocalMap$Entry; @ 29
Event: 6.862 Thread 0x00007f919b801000 Uncommon trap: reason=unreached action=reinterpret pc=0x00000001094d50cc method=java.util.concurrent.ConcurrentHashMap.get(Ljava/lang/Object;)Ljava/lang/Object; @ 15

Internal exceptions (10 events):
Event: 6.663 Thread 0x00007f919b801000 Exception <a 'java/security/PrivilegedActionException'> (0x000000076ae31d78) thrown at [/HUDSON3/workspace/8-2-build-macosx-x86_64/jdk8u25/1514/hotspot/src/share/vm/prims/jvm.cpp, line 1312]
Event: 6.784 Thread 0x00007f919b801000 Exception <a 'java/security/PrivilegedActionException'> (0x000000076ae3c950) thrown at [/HUDSON3/workspace/8-2-build-macosx-x86_64/jdk8u25/1514/hotspot/src/share/vm/prims/jvm.cpp, line 1312]
Event: 6.785 Thread 0x00007f919b801000 Exception <a 'java/security/PrivilegedActionException'> (0x000000076ae52ef8) thrown at [/HUDSON3/workspace/8-2-build-macosx-x86_64/jdk8u25/1514/hotspot/src/share/vm/prims/jvm.cpp, line 1312]
Event: 6.788 Thread 0x00007f919b801000 Exception <a 'java/security/PrivilegedActionException'> (0x000000076ae65800) thrown at [/HUDSON3/workspace/8-2-build-macosx-x86_64/jdk8u25/1514/hotspot/src/share/vm/prims/jvm.cpp, line 1312]
Event: 6.810 Thread 0x00007f919b801000 Exception <a 'java/security/PrivilegedActionException'> (0x000000076ae97ad8) thrown at [/HUDSON3/workspace/8-2-build-macosx-x86_64/jdk8u25/1514/hotspot/src/share/vm/prims/jvm.cpp, line 1312]
Event: 6.862 Thread 0x00007f919b801000 Implicit null exception at 0x00000001094d498c to 0x00000001094d50b9
Event: 6.873 Thread 0x00007f919b801000 Exception <a 'java/lang/ClassNotFoundException': java/lang/Null> (0x000000076af61a80) thrown at [/HUDSON3/workspace/8-2-build-macosx-x86_64/jdk8u25/1514/hotspot/src/share/vm/classfile/systemDictionary.cpp, line 202]
Event: 6.889 Thread 0x00007f919b801000 Exception <a 'java/lang/NoSuchFieldError': method resolution failed> (0x000000076afc57c0) thrown at [/HUDSON3/workspace/8-2-build-macosx-x86_64/jdk8u25/1514/hotspot/src/share/vm/prims/methodHandles.cpp, line 1159]
Event: 6.891 Thread 0x00007f919b801000 Exception <a 'java/lang/NoSuchFieldError': method resolution failed> (0x000000076afd42f8) thrown at [/HUDSON3/workspace/8-2-build-macosx-x86_64/jdk8u25/1514/hotspot/src/share/vm/prims/methodHandles.cpp, line 1159]
Event: 6.893 Thread 0x00007f919b801000 Exception <a 'java/lang/NoSuchFieldError': method resolution failed> (0x000000076afd7428) thrown at [/HUDSON3/workspace/8-2-build-macosx-x86_64/jdk8u25/1514/hotspot/src/share/vm/prims/methodHandles.cpp, line 1159]

Events (10 events):
Event: 677.346 Executing VM operation: GetOrSetLocal
Event: 677.346 Executing VM operation: GetOrSetLocal done
Event: 677.347 Executing VM operation: GetOrSetLocal
Event: 677.347 Executing VM operation: GetOrSetLocal done
Event: 677.351 Executing VM operation: GetOrSetLocal
Event: 677.351 Executing VM operation: GetOrSetLocal done
Event: 893.759 Executing VM operation: ChangeBreakpoints
Event: 893.760 Executing VM operation: ChangeBreakpoints done
Event: 893.767 Executing VM operation: RedefineClasses
Event: 893.838 Executing VM operation: RedefineClasses done


Dynamic libraries:
0x000000000a175000 	/System/Library/Frameworks/Cocoa.framework/Versions/A/Cocoa
0x000000000a175000 	/System/Library/Frameworks/Security.framework/Versions/A/Security
0x000000000a175000 	/System/Library/Frameworks/ApplicationServices.framework/Versions/A/ApplicationServices
0x000000000a175000 	/usr/lib/libz.1.dylib
0x000000000a175000 	/usr/lib/libSystem.B.dylib
0x000000000a175000 	/usr/lib/libobjc.A.dylib
0x000000000a175000 	/System/Library/Frameworks/CoreFoundation.framework/Versions/A/CoreFoundation
0x000000000a175000 	/System/Library/Frameworks/Foundation.framework/Versions/C/Foundation
0x000000000a175000 	/System/Library/Frameworks/AppKit.framework/Versions/C/AppKit
0x000000000a175000 	/System/Library/Frameworks/CoreData.framework/Versions/A/CoreData
0x000000000a175000 	/System/Library/PrivateFrameworks/RemoteViewServices.framework/Versions/A/RemoteViewServices
0x000000000a175000 	/System/Library/PrivateFrameworks/UIFoundation.framework/Versions/A/UIFoundation
0x000000000a175000 	/System/Library/Frameworks/IOSurface.framework/Versions/A/IOSurface
0x000000000a175000 	/System/Library/Frameworks/AudioToolbox.framework/Versions/A/AudioToolbox
0x000000000a175000 	/System/Library/Frameworks/AudioUnit.framework/Versions/A/AudioUnit
0x000000000a175000 	/System/Library/PrivateFrameworks/DataDetectorsCore.framework/Versions/A/DataDetectorsCore
0x000000000a175000 	/System/Library/PrivateFrameworks/DesktopServicesPriv.framework/Versions/A/DesktopServicesPriv
0x000000000a175000 	/System/Library/Frameworks/Carbon.framework/Versions/A/Frameworks/HIToolbox.framework/Versions/A/HIToolbox
0x000000000a175000 	/System/Library/Frameworks/QuartzCore.framework/Versions/A/QuartzCore
0x000000000a175000 	/System/Library/Frameworks/Carbon.framework/Versions/A/Frameworks/SpeechRecognition.framework/Versions/A/SpeechRecognition
0x000000000a175000 	/usr/lib/libauto.dylib
0x000000000a175000 	/usr/lib/libicucore.A.dylib
0x000000000a175000 	/usr/lib/libxml2.2.dylib
0x000000000a175000 	/System/Library/PrivateFrameworks/CoreUI.framework/Versions/A/CoreUI
0x000000000a175000 	/System/Library/Frameworks/CoreAudio.framework/Versions/A/CoreAudio
0x000000000a175000 	/System/Library/Frameworks/DiskArbitration.framework/Versions/A/DiskArbitration
0x000000000a175000 	/usr/lib/liblangid.dylib
0x000000000a175000 	/System/Library/PrivateFrameworks/MultitouchSupport.framework/Versions/A/MultitouchSupport
0x000000000a175000 	/System/Library/Frameworks/IOKit.framework/Versions/A/IOKit
0x000000000a175000 	/usr/lib/libDiagnosticMessagesClient.dylib
0x000000000a175000 	/System/Library/Frameworks/CoreServices.framework/Versions/A/CoreServices
0x000000000a175000 	/System/Library/PrivateFrameworks/PerformanceAnalysis.framework/Versions/A/PerformanceAnalysis
0x000000000a175000 	/System/Library/PrivateFrameworks/GenerationalStorage.framework/Versions/A/GenerationalStorage
0x000000000a175000 	/System/Library/Frameworks/OpenGL.framework/Versions/A/OpenGL
0x000000000a175000 	/System/Library/PrivateFrameworks/Sharing.framework/Versions/A/Sharing
0x000000000a175000 	/System/Library/Frameworks/CoreGraphics.framework/Versions/A/CoreGraphics
0x000000000a175000 	/System/Library/Frameworks/CoreText.framework/Versions/A/CoreText
0x000000000a175000 	/System/Library/Frameworks/ImageIO.framework/Versions/A/ImageIO
0x000000000a175000 	/usr/lib/libextension.dylib
0x000000000a175000 	/System/Library/PrivateFrameworks/Backup.framework/Versions/A/Backup
0x000000000a175000 	/usr/lib/libarchive.2.dylib
0x000000000a175000 	/System/Library/Frameworks/CFNetwork.framework/Versions/A/CFNetwork
0x000000000a175000 	/System/Library/Frameworks/SystemConfiguration.framework/Versions/A/SystemConfiguration
0x000000000a175000 	/usr/lib/libCRFSuite.dylib
0x000000000a175000 	/usr/lib/libc++.1.dylib
0x000000000a175000 	/usr/lib/libc++abi.dylib
0x000000000a175000 	/usr/lib/system/libcache.dylib
0x000000000a175000 	/usr/lib/system/libcommonCrypto.dylib
0x000000000a175000 	/usr/lib/system/libcompiler_rt.dylib
0x000000000a175000 	/usr/lib/system/libcopyfile.dylib
0x000000000a175000 	/usr/lib/system/libcorecrypto.dylib
0x000000000a175000 	/usr/lib/system/libdispatch.dylib
0x000000000a175000 	/usr/lib/system/libdyld.dylib
0x000000000a175000 	/usr/lib/system/libkeymgr.dylib
0x000000000a175000 	/usr/lib/system/liblaunch.dylib
0x000000000a175000 	/usr/lib/system/libmacho.dylib
0x000000000a175000 	/usr/lib/system/libquarantine.dylib
0x000000000a175000 	/usr/lib/system/libremovefile.dylib
0x000000000a175000 	/usr/lib/system/libsystem_asl.dylib
0x000000000a175000 	/usr/lib/system/libsystem_blocks.dylib
0x000000000a175000 	/usr/lib/system/libsystem_c.dylib
0x000000000a175000 	/usr/lib/system/libsystem_configuration.dylib
0x000000000a175000 	/usr/lib/system/libsystem_coreservices.dylib
0x000000000a175000 	/usr/lib/system/libsystem_coretls.dylib
0x000000000a175000 	/usr/lib/system/libsystem_dnssd.dylib
0x000000000a175000 	/usr/lib/system/libsystem_info.dylib
0x000000000a175000 	/usr/lib/system/libsystem_kernel.dylib
0x000000000a175000 	/usr/lib/system/libsystem_m.dylib
0x000000000a175000 	/usr/lib/system/libsystem_malloc.dylib
0x000000000a175000 	/usr/lib/system/libsystem_network.dylib
0x000000000a175000 	/usr/lib/system/libsystem_networkextension.dylib
0x000000000a175000 	/usr/lib/system/libsystem_notify.dylib
0x000000000a175000 	/usr/lib/system/libsystem_platform.dylib
0x000000000a175000 	/usr/lib/system/libsystem_pthread.dylib
0x000000000a175000 	/usr/lib/system/libsystem_sandbox.dylib
0x000000000a175000 	/usr/lib/system/libsystem_secinit.dylib
0x000000000a175000 	/usr/lib/system/libsystem_stats.dylib
0x000000000a175000 	/usr/lib/system/libsystem_trace.dylib
0x000000000a175000 	/usr/lib/system/libunc.dylib
0x000000000a175000 	/usr/lib/system/libunwind.dylib
0x000000000a175000 	/usr/lib/system/libxpc.dylib
0x000000000a175000 	/usr/lib/libbz2.1.0.dylib
0x000000000a175000 	/usr/lib/liblzma.5.dylib
0x000000000a175000 	/usr/lib/libbsm.0.dylib
0x000000000a175000 	/usr/lib/libsqlite3.dylib
0x000000000a175000 	/usr/lib/system/libkxld.dylib
0x000000000a175000 	/usr/lib/libxar.1.dylib
0x000000000a175000 	/usr/lib/libpam.2.dylib
0x000000000a175000 	/usr/lib/libOpenScriptingUtil.dylib
0x000000000a175000 	/System/Library/Frameworks/CoreServices.framework/Versions/A/Frameworks/FSEvents.framework/Versions/A/FSEvents
0x000000000a175000 	/System/Library/Frameworks/CoreServices.framework/Versions/A/Frameworks/CarbonCore.framework/Versions/A/CarbonCore
0x000000000a175000 	/System/Library/Frameworks/CoreServices.framework/Versions/A/Frameworks/Metadata.framework/Versions/A/Metadata
0x000000000a175000 	/System/Library/Frameworks/CoreServices.framework/Versions/A/Frameworks/OSServices.framework/Versions/A/OSServices
0x000000000a175000 	/System/Library/Frameworks/CoreServices.framework/Versions/A/Frameworks/SearchKit.framework/Versions/A/SearchKit
0x000000000a175000 	/System/Library/Frameworks/CoreServices.framework/Versions/A/Frameworks/AE.framework/Versions/A/AE
0x000000000a175000 	/System/Library/Frameworks/CoreServices.framework/Versions/A/Frameworks/LaunchServices.framework/Versions/A/LaunchServices
0x000000000a175000 	/System/Library/Frameworks/CoreServices.framework/Versions/A/Frameworks/DictionaryServices.framework/Versions/A/DictionaryServices
0x000000000a175000 	/System/Library/Frameworks/NetFS.framework/Versions/A/NetFS
0x000000000a175000 	/System/Library/PrivateFrameworks/NetAuth.framework/Versions/A/NetAuth
0x000000000a175000 	/System/Library/PrivateFrameworks/login.framework/Versions/A/Frameworks/loginsupport.framework/Versions/A/loginsupport
0x000000000a175000 	/System/Library/PrivateFrameworks/TCC.framework/Versions/A/TCC
0x000000000a175000 	/usr/lib/libmecabra.dylib
0x000000000a175000 	/System/Library/Frameworks/ApplicationServices.framework/Versions/A/Frameworks/ATS.framework/Versions/A/ATS
0x000000000a175000 	/System/Library/Frameworks/ApplicationServices.framework/Versions/A/Frameworks/ColorSync.framework/Versions/A/ColorSync
0x000000000a175000 	/System/Library/Frameworks/ApplicationServices.framework/Versions/A/Frameworks/HIServices.framework/Versions/A/HIServices
0x000000000a175000 	/System/Library/Frameworks/ApplicationServices.framework/Versions/A/Frameworks/LangAnalysis.framework/Versions/A/LangAnalysis
0x000000000a175000 	/System/Library/Frameworks/ApplicationServices.framework/Versions/A/Frameworks/PrintCore.framework/Versions/A/PrintCore
0x000000000a175000 	/System/Library/Frameworks/ApplicationServices.framework/Versions/A/Frameworks/QD.framework/Versions/A/QD
0x000000000a175000 	/System/Library/Frameworks/ApplicationServices.framework/Versions/A/Frameworks/SpeechSynthesis.framework/Versions/A/SpeechSynthesis
0x000000000a175000 	/System/Library/Frameworks/Accelerate.framework/Versions/A/Accelerate
0x000000000a175000 	/System/Library/Frameworks/Accelerate.framework/Versions/A/Frameworks/vImage.framework/Versions/A/vImage
0x000000000a175000 	/System/Library/Frameworks/Accelerate.framework/Versions/A/Frameworks/vecLib.framework/Versions/A/vecLib
0x000000000a175000 	/System/Library/Frameworks/Accelerate.framework/Versions/A/Frameworks/vecLib.framework/Versions/A/libvDSP.dylib
0x000000000a175000 	/System/Library/Frameworks/Accelerate.framework/Versions/A/Frameworks/vecLib.framework/Versions/A/libvMisc.dylib
0x000000000a175000 	/System/Library/Frameworks/Accelerate.framework/Versions/A/Frameworks/vecLib.framework/Versions/A/libLAPACK.dylib
0x000000000a175000 	/System/Library/Frameworks/Accelerate.framework/Versions/A/Frameworks/vecLib.framework/Versions/A/libBLAS.dylib
0x000000000a175000 	/System/Library/Frameworks/Accelerate.framework/Versions/A/Frameworks/vecLib.framework/Versions/A/libLinearAlgebra.dylib
0x000000000a175000 	/System/Library/Frameworks/ApplicationServices.framework/Versions/A/Frameworks/ATS.framework/Versions/A/Resources/libFontParser.dylib
0x000000000a175000 	/System/Library/Frameworks/ApplicationServices.framework/Versions/A/Frameworks/ATS.framework/Versions/A/Resources/libFontRegistry.dylib
0x000000000a175000 	/System/Library/PrivateFrameworks/AppleVPA.framework/Versions/A/AppleVPA
0x000000000a175000 	/System/Library/PrivateFrameworks/AppleJPEG.framework/Versions/A/AppleJPEG
0x000000000a175000 	/System/Library/Frameworks/ImageIO.framework/Versions/A/Resources/libJPEG.dylib
0x000000000a175000 	/System/Library/Frameworks/ImageIO.framework/Versions/A/Resources/libTIFF.dylib
0x000000000a175000 	/System/Library/Frameworks/ImageIO.framework/Versions/A/Resources/libPng.dylib
0x000000000a175000 	/System/Library/Frameworks/ImageIO.framework/Versions/A/Resources/libGIF.dylib
0x000000000a175000 	/System/Library/Frameworks/ImageIO.framework/Versions/A/Resources/libJP2.dylib
0x000000000a175000 	/System/Library/Frameworks/ImageIO.framework/Versions/A/Resources/libRadiance.dylib
0x000000000a175000 	/System/Library/Frameworks/CoreVideo.framework/Versions/A/CoreVideo
0x000000000a175000 	/System/Library/Frameworks/OpenGL.framework/Versions/A/Libraries/libGLU.dylib
0x000000000a175000 	/System/Library/Frameworks/OpenGL.framework/Versions/A/Libraries/libGFXShared.dylib
0x000000000a175000 	/System/Library/Frameworks/OpenGL.framework/Versions/A/Libraries/libGL.dylib
0x000000000a175000 	/System/Library/Frameworks/OpenGL.framework/Versions/A/Libraries/libGLImage.dylib
0x000000000a175000 	/System/Library/Frameworks/OpenGL.framework/Versions/A/Libraries/libCVMSPluginSupport.dylib
0x000000000a175000 	/System/Library/Frameworks/OpenGL.framework/Versions/A/Libraries/libCoreVMClient.dylib
0x000000000a175000 	/usr/lib/libcups.2.dylib
0x000000000a175000 	/System/Library/Frameworks/Kerberos.framework/Versions/A/Kerberos
0x000000000a175000 	/System/Library/Frameworks/GSS.framework/Versions/A/GSS
0x000000000a175000 	/usr/lib/libresolv.9.dylib
0x000000000a175000 	/usr/lib/libiconv.2.dylib
0x000000000a175000 	/System/Library/PrivateFrameworks/Heimdal.framework/Versions/A/Heimdal
0x000000000a175000 	/usr/lib/libheimdal-asn1.dylib
0x000000000a175000 	/System/Library/Frameworks/OpenDirectory.framework/Versions/A/OpenDirectory
0x000000000a175000 	/System/Library/PrivateFrameworks/CommonAuth.framework/Versions/A/CommonAuth
0x000000000a175000 	/System/Library/Frameworks/OpenDirectory.framework/Versions/A/Frameworks/CFOpenDirectory.framework/Versions/A/CFOpenDirectory
0x000000000a175000 	/System/Library/Frameworks/SecurityFoundation.framework/Versions/A/SecurityFoundation
0x000000000a175000 	/System/Library/PrivateFrameworks/LanguageModeling.framework/Versions/A/LanguageModeling
0x000000000a175000 	/usr/lib/libcmph.dylib
0x000000000a175000 	/System/Library/Frameworks/ServiceManagement.framework/Versions/A/ServiceManagement
0x000000000a175000 	/usr/lib/libxslt.1.dylib
0x000000000a175000 	/System/Library/Frameworks/Carbon.framework/Versions/A/Frameworks/Ink.framework/Versions/A/Ink
0x000000000a175000 	/System/Library/Frameworks/QuartzCore.framework/Versions/A/Frameworks/CoreImage.framework/Versions/A/CoreImage
0x000000000a175000 	/System/Library/PrivateFrameworks/CrashReporterSupport.framework/Versions/A/CrashReporterSupport
0x000000000a175000 	/System/Library/Frameworks/OpenCL.framework/Versions/A/OpenCL
0x000000000a175000 	/System/Library/PrivateFrameworks/FaceCore.framework/Versions/A/FaceCore
0x000000000a175000 	/System/Library/PrivateFrameworks/Ubiquity.framework/Versions/A/Ubiquity
0x000000000a175000 	/System/Library/PrivateFrameworks/IconServices.framework/Versions/A/IconServices
0x000000000a175000 	/System/Library/PrivateFrameworks/ChunkingLibrary.framework/Versions/A/ChunkingLibrary
0x000000000a175000 	/System/Library/PrivateFrameworks/Apple80211.framework/Versions/A/Apple80211
0x000000000a175000 	/System/Library/Frameworks/CoreWLAN.framework/Versions/A/CoreWLAN
0x000000000a175000 	/System/Library/Frameworks/IOBluetooth.framework/Versions/A/IOBluetooth
0x000000000a175000 	/System/Library/PrivateFrameworks/CoreWiFi.framework/Versions/A/CoreWiFi
0x000000000a175000 	/System/Library/Frameworks/CoreBluetooth.framework/Versions/A/CoreBluetooth
0x000000000a175000 	/System/Library/PrivateFrameworks/DebugSymbols.framework/Versions/A/DebugSymbols
0x000000000a175000 	/System/Library/PrivateFrameworks/CoreSymbolication.framework/Versions/A/CoreSymbolication
0x000000000a175000 	/System/Library/PrivateFrameworks/Symbolication.framework/Versions/A/Symbolication
0x000000000a175000 	/System/Library/PrivateFrameworks/SpeechRecognitionCore.framework/Versions/A/SpeechRecognitionCore
0x0000000107e13000 	/Library/Java/JavaVirtualMachines/jdk1.8.0_25.jdk/Contents/Home/jre/lib/server/libjvm.dylib
0x000000000a175000 	/usr/lib/libstdc++.6.dylib
0x0000000108e32000 	/Library/Java/JavaVirtualMachines/jdk1.8.0_25.jdk/Contents/Home/jre/lib/libverify.dylib
0x0000000108e40000 	/Library/Java/JavaVirtualMachines/jdk1.8.0_25.jdk/Contents/Home/jre/lib/libjava.dylib
0x0000000108e74000 	/Library/Java/JavaVirtualMachines/jdk1.8.0_25.jdk/Contents/Home/jre/lib/libjdwp.dylib
0x0000000108ebf000 	/Library/Java/JavaVirtualMachines/jdk1.8.0_25.jdk/Contents/Home/jre/lib/libnpt.dylib
0x0000000108ecb000 	/Library/Java/JavaVirtualMachines/jdk1.8.0_25.jdk/Contents/Home/jre/lib/libzip.dylib
0x0000000124aa8000 	/System/Library/Frameworks/JavaVM.framework/Frameworks/JavaRuntimeSupport.framework/JavaRuntimeSupport
0x0000000124abe000 	/System/Library/Frameworks/JavaVM.framework/Versions/A/Frameworks/JavaNativeFoundation.framework/Versions/A/JavaNativeFoundation
0x0000000124ad2000 	/System/Library/Frameworks/JavaVM.framework/Versions/A/JavaVM
0x000000000a175000 	/System/Library/Frameworks/Carbon.framework/Versions/A/Carbon
0x0000000124ade000 	/System/Library/PrivateFrameworks/JavaLaunching.framework/Versions/A/JavaLaunching
0x000000000a175000 	/System/Library/Frameworks/Carbon.framework/Versions/A/Frameworks/CommonPanels.framework/Versions/A/CommonPanels
0x000000000a175000 	/System/Library/Frameworks/Carbon.framework/Versions/A/Frameworks/Help.framework/Versions/A/Help
0x000000000a175000 	/System/Library/Frameworks/Carbon.framework/Versions/A/Frameworks/ImageCapture.framework/Versions/A/ImageCapture
0x000000000a175000 	/System/Library/Frameworks/Carbon.framework/Versions/A/Frameworks/OpenScripting.framework/Versions/A/OpenScripting
0x000000000a175000 	/System/Library/Frameworks/Carbon.framework/Versions/A/Frameworks/Print.framework/Versions/A/Print
0x000000000a175000 	/System/Library/Frameworks/Carbon.framework/Versions/A/Frameworks/SecurityHI.framework/Versions/A/SecurityHI
0x00000001263f2000 	/Library/Java/JavaVirtualMachines/jdk1.8.0_25.jdk/Contents/Home/jre/lib/libdt_socket.dylib
0x000000012750a000 	/Library/Java/JavaVirtualMachines/jdk1.8.0_25.jdk/Contents/Home/jre/lib/libsunec.dylib
0x00000001275e0000 	/Library/Java/JavaVirtualMachines/jdk1.8.0_25.jdk/Contents/Home/jre/lib/libnet.dylib

VM Arguments:
jvm_args: -agentlib:jdwp=transport=dt_socket,address=127.0.0.1:54927,suspend=y,server=n -Dfile.encoding=UTF-8 
java_command: com.microservices.research.GrobidHelper
java_class_path (initial): /Library/Java/JavaVirtualMachines/jdk1.8.0_25.jdk/Contents/Home/lib/ant-javafx.jar:/Library/Java/JavaVirtualMachines/jdk1.8.0_25.jdk/Contents/Home/lib/dt.jar:/Library/Java/JavaVirtualMachines/jdk1.8.0_25.jdk/Contents/Home/lib/javafx-mx.jar:/Library/Java/JavaVirtualMachines/jdk1.8.0_25.jdk/Contents/Home/lib/jconsole.jar:/Library/Java/JavaVirtualMachines/jdk1.8.0_25.jdk/Contents/Home/lib/sa-jdi.jar:/Library/Java/JavaVirtualMachines/jdk1.8.0_25.jdk/Contents/Home/lib/tools.jar:/Library/Java/JavaVirtualMachines/jdk1.8.0_25.jdk/Contents/Home/jre/lib/charsets.jar:/Library/Java/JavaVirtualMachines/jdk1.8.0_25.jdk/Contents/Home/jre/lib/deploy.jar:/Library/Java/JavaVirtualMachines/jdk1.8.0_25.jdk/Contents/Home/jre/lib/javaws.jar:/Library/Java/JavaVirtualMachines/jdk1.8.0_25.jdk/Contents/Home/jre/lib/jce.jar:/Library/Java/JavaVirtualMachines/jdk1.8.0_25.jdk/Contents/Home/jre/lib/jfr.jar:/Library/Java/JavaVirtualMachines/jdk1.8.0_25.jdk/Contents/Home/jre/lib/jfxswt.jar:/Library/Java/JavaVirtualMachines/jdk1.8.0_25.jdk/Contents/Home/jre/lib/jsse.jar:/Library/Java/JavaVirtualMachines/jdk1.8.0_25.jdk/Contents/Home/jre/lib/management-agent.jar:/Library/Java/JavaVirtualMachines/jdk1.8.0_25.jdk/Contents/Home/jre/lib/plugin.jar:/Library/Java/JavaVirtualMachines/jdk1.8.0_25.jdk/Contents/Home/jre/lib/resources.jar:/Library/Java/JavaVirtualMachines/jdk1.8.0_25.jdk/Contents/Home/jre/lib/rt.jar:/Library/Java/JavaVirtualMachines/jdk1.8.0_25.jdk/Contents/Home/jre/lib/ext/cldrdata.jar:/Library/Java/JavaVirtualMachines/jdk1.8.0_25.jdk/Contents/Home/jre/lib/ext/dnsns.jar:/Library/Java/JavaVirtualMachines/jdk1.8.0_25.jdk/Contents/Home/jre/lib/ext/jfxrt.jar:/Library/Java/JavaVirtualMachines/jdk1.8.0_25.jdk/Contents/Home/jre/lib/ext/localedata.jar:/Library/Java/JavaVirtualMachines/jdk1.8.0_25.jdk/Contents/Home/jre/lib/ext/nashorn.jar:/Library/Java/JavaVirtualMachines/jdk1.8.0_25.jdk/Contents/Home/jre/lib/ext/sunec.jar:/Library/Java/JavaVirtualMachines/jdk1.8.0_25.jdk/C
Launcher Type: SUN_STANDARD

Environment Variables:
JAVA_HOME=/Library/Java/JavaVirtualMachines/jdk1.8.0_25.jdk/Contents/Home
PATH=/Users/alim20/anaconda2/bin:/opt/local/bin:/opt/local/sbin:/usr/local/bin:/usr/bin:/bin:/usr/sbin:/sbin:/usr/local/go/bin:/Users/alim20/Development/ltc-cli:/Users/alim20/Development/gowork/bin
SHELL=/bin/bash

Signal Handlers:
SIGSEGV: [libjvm.dylib+0x579dc7], sa_mask[0]=11111111011111110111111111111111, sa_flags=SA_ONSTACK|SA_RESTART|SA_SIGINFO
SIGBUS: [libjvm.dylib+0x579dc7], sa_mask[0]=11111111011111110111111111111111, sa_flags=SA_RESTART|SA_SIGINFO
SIGFPE: [libjvm.dylib+0x45b030], sa_mask[0]=11111111011111110111111111111111, sa_flags=SA_RESTART|SA_SIGINFO
SIGPIPE: [libjvm.dylib+0x45b030], sa_mask[0]=11111111011111110111111111111111, sa_flags=SA_RESTART|SA_SIGINFO
SIGXFSZ: [libjvm.dylib+0x45b030], sa_mask[0]=11111111011111110111111111111111, sa_flags=SA_RESTART|SA_SIGINFO
SIGILL: [libjvm.dylib+0x45b030], sa_mask[0]=11111111011111110111111111111111, sa_flags=SA_RESTART|SA_SIGINFO
SIGUSR1: SIG_DFL, sa_mask[0]=00000000000000000000000000000000, sa_flags=none
SIGUSR2: [libjvm.dylib+0x45ab4e], sa_mask[0]=00100000000000000000000000000000, sa_flags=SA_RESTART|SA_SIGINFO
SIGHUP: [libjvm.dylib+0x459121], sa_mask[0]=11111111011111110111111111111111, sa_flags=SA_RESTART|SA_SIGINFO
SIGINT: [libjvm.dylib+0x459121], sa_mask[0]=11111111011111110111111111111111, sa_flags=SA_RESTART|SA_SIGINFO
SIGTERM: [libjvm.dylib+0x459121], sa_mask[0]=11111111011111110111111111111111, sa_flags=SA_RESTART|SA_SIGINFO
SIGQUIT: [libjvm.dylib+0x459121], sa_mask[0]=11111111011111110111111111111111, sa_flags=SA_RESTART|SA_SIGINFO


---------------  S Y S T E M  ---------------

OS:Bsduname:Darwin 14.1.0 Darwin Kernel Version 14.1.0: Mon Dec 22 23:10:38 PST 2014; root:xnu-2782.10.72~2/RELEASE_X86_64 x86_64
rlimit: STACK 8192k, CORE 0k, NPROC 709, NOFILE 10240, AS infinity
load average:4.32 4.22 4.15

CPU:total 8 (4 cores per cpu, 2 threads per core) family 6 model 70 stepping 1, cmov, cx8, fxsr, mmx, sse, sse2, sse3, ssse3, sse4.1, sse4.2, popcnt, avx, avx2, aes, clmul, erms, rtm, lzcnt, ht, tsc, tscinvbit, bmi1, bmi2

Memory: 4k page, physical 16777216k(334920k free)

/proc/meminfo:


vm_info: Java HotSpot(TM) 64-Bit Server VM (25.25-b02) for bsd-amd64 JRE (1.8.0_25-b17), built on Sep 17 2014 16:56:50 by "java_re" with gcc 4.2.1 (Based on Apple Inc. build 5658) (LLVM build 2336.11.00)

time: Thu Aug 11 14:17:10 2016
elapsed time: 893 seconds (0d 0h 14m 53s)

